{"name":"test002","id":"com.bestbuy.bestinfo.ProductsCRUDTestWithSteps:test002","testCaseName":"com.bestbuy.bestinfo.ProductsCRUDTestWithSteps","testSteps":[{"number":1,"description":"Getting the student information with name: Prime866753","duration":57,"startTime":"2023-01-02T04:24:34.415+10:00[Australia/Brisbane]","exception":{"errorType":"java.lang.AssertionError","message":"1 expectation failed.\nExpected status code \u003c200\u003e but was \u003c404\u003e.\n","stackTrace":[{"declaringClass":"io.restassured.internal.ResponseSpecificationImpl","methodName":"validateResponseIfRequired","fileName":"ResponseSpecificationImpl.groovy","lineNumber":636},{"declaringClass":"io.restassured.internal.ResponseSpecificationImpl","methodName":"statusCode","fileName":"ResponseSpecificationImpl.groovy","lineNumber":122},{"declaringClass":"io.restassured.internal.ResponseSpecificationImpl","methodName":"statusCode","fileName":"ResponseSpecificationImpl.groovy","lineNumber":130},{"declaringClass":"io.restassured.internal.ValidatableResponseOptionsImpl","methodName":"statusCode","fileName":"ValidatableResponseOptionsImpl.java","lineNumber":117},{"declaringClass":"com.bestbuy.steps.ProductsSteps","methodName":"getProductInfoByName","fileName":"ProductsSteps.java","lineNumber":46},{"declaringClass":"com.bestbuy.bestinfo.ProductsCRUDTestWithSteps","methodName":"test002","fileName":"ProductsCRUDTestWithSteps.java","lineNumber":50}]},"result":"FAILURE","precondition":false,"children":[{"number":2,"description":"GET http://localhost:3030/products/products\r\r","duration":0,"startTime":"2023-01-02T04:24:34.455+10:00[Australia/Brisbane]","result":"SUCCESS","restQuery":{"method":"GET","path":"http://localhost:3030/products/products\r\r","content":"\r","contentType":"null","requestHeaders":"Accept\u003d*/*\r\r","requestCookies":"\r\r","responseHeaders":"X-Powered-By: Express\nAccess-Control-Allow-Origin: *\nAllow: GET,POST,PUT,PATCH,DELETE\nContent-Type: application/json; charset\u003dutf-8\nContent-Length: 112\nETag: W/\"70-xJ5UjR3W1g9kMM+k5bkgE8svDdA\"\nVary: Accept-Encoding\nDate: Sun, 01 Jan 2023 18:24:34 GMT\nConnection: keep-alive\r","responseCookies":"\r","responseBody":"{\n    \"name\": \"NotFound\",\n    \"message\": \"No record found for id \u0027products\u0027\",\n    \"code\": 404,\n    \"className\": \"not-found\",\n    \"errors\": {\n        \n    }\n}","statusCode":404},"precondition":false}]}],"userStory":{"id":"com.bestbuy.bestinfo.ProductsCRUDTestWithSteps","storyName":"Products CRUD test with steps","storyClassName":"com.bestbuy.bestinfo.ProductsCRUDTestWithSteps","path":"com.bestbuy.bestinfo","type":"story"},"featureTag":{"name":"Bestinfo/Products CRUD test with steps","type":"story"},"title":"Verify if the product was added to the application","tags":[{"name":"Bestinfo/Products CRUD test with steps","type":"story"}],"startTime":"2023-01-02T04:24:34.414+10:00[Australia/Brisbane]","duration":68,"testFailureCause":{"errorType":"java.lang.AssertionError","message":"1 expectation failed.\nExpected status code \u003c200\u003e but was \u003c404\u003e.\n","stackTrace":[{"declaringClass":"io.restassured.internal.ResponseSpecificationImpl","methodName":"validateResponseIfRequired","fileName":"ResponseSpecificationImpl.groovy","lineNumber":636},{"declaringClass":"io.restassured.internal.ResponseSpecificationImpl","methodName":"statusCode","fileName":"ResponseSpecificationImpl.groovy","lineNumber":122},{"declaringClass":"io.restassured.internal.ResponseSpecificationImpl","methodName":"statusCode","fileName":"ResponseSpecificationImpl.groovy","lineNumber":130},{"declaringClass":"io.restassured.internal.ValidatableResponseOptionsImpl","methodName":"statusCode","fileName":"ValidatableResponseOptionsImpl.java","lineNumber":117},{"declaringClass":"com.bestbuy.steps.ProductsSteps","methodName":"getProductInfoByName","fileName":"ProductsSteps.java","lineNumber":46},{"declaringClass":"com.bestbuy.bestinfo.ProductsCRUDTestWithSteps","methodName":"test002","fileName":"ProductsCRUDTestWithSteps.java","lineNumber":50}]},"testFailureClassname":"java.lang.AssertionError","testFailureMessage":"1 expectation failed.\nExpected status code \u003c200\u003e but was \u003c404\u003e.\n","testFailureSummary":"FAILURE;java.lang.AssertionError;1 expectation failed.\nExpected status code \u003c200\u003e but was \u003c404\u003e.\n;ResponseSpecificationImpl.groovy","projectKey":"","annotatedResult":"FAILURE","manual":false,"testSource":"JUnit","result":"FAILURE"}